<?xml version="1.0" encoding="UTF-8"?>
<!-- Generated by org.testng.reporters.JUnitReportReporter -->
<testsuite hostname="DESKTOP-4QRB5H5" failures="0" tests="1" name="testcases.TestCase1" time="4.935" errors="0" timestamp="2022-10-20T14:10:13 IST" skipped="0">
  <testcase classname="testcases.TestCase1" name="TestC1" time="4.935"/>
  <system-out/>
</testsuite> <!-- testcases.TestCase1 -->
